<?xml version="1.0" encoding="UTF-8"?>
<!-- Generated by org.testng.reporters.JUnitReportReporter -->
<testsuite hostname="localhost.localdomain" name="com.test.LargestElementTest" tests="4" failures="0" timestamp="12 Feb 2016 22:25:16 GMT" time="0.014" errors="0">
  <testcase name="method2" time="0.001" classname="com.test.LargestElementTest"/>
  <testcase name="method4" time="0.001" classname="com.test.LargestElementTest"/>
  <testcase name="method1" time="0.011" classname="com.test.LargestElementTest"/>
  <testcase name="method3" time="0.001" classname="com.test.LargestElementTest"/>
</testsuite> <!-- com.test.LargestElementTest -->
